<?xml version="1.0" encoding="UTF-8"?>
<!-- Generated by org.testng.reporters.JUnitReportReporter -->
<testsuite hostname="Mosab" failures="0" tests="4" name="databaseprojectuseingSQL.MyTestCases" time="0.049" errors="0" timestamp="2024-11-22T23:32:21 EET" skipped="0">
  <testcase classname="databaseprojectuseingSQL.MyTestCases" name="addDataToDB" time="0.015"/>
  <system-out/>
  <testcase classname="databaseprojectuseingSQL.MyTestCases" name="updateData" time="0.004"/>
  <system-out/>
  <testcase classname="databaseprojectuseingSQL.MyTestCases" name="readData" time="0.026"/>
  <system-out/>
  <testcase classname="databaseprojectuseingSQL.MyTestCases" name="deleteData" time="0.004"/>
  <system-out/>
</testsuite> <!-- databaseprojectuseingSQL.MyTestCases -->
